0 info it worked if it ends with ok
1 verbose cli [ '/usr/local/bin/node', '/usr/local/bin/npm', 'run', 'start' ]
2 info using npm@3.6.0
3 info using node@v4.2.2
4 verbose run-script [ 'prestart', 'start', 'poststart' ]
5 info lifecycle BugRex@0.1.5~prestart: BugRex@0.1.5
6 silly lifecycle BugRex@0.1.5~prestart: no script for prestart, continuing
7 info lifecycle BugRex@0.1.5~start: BugRex@0.1.5
8 verbose lifecycle BugRex@0.1.5~start: unsafe-perm in lifecycle true
9 verbose lifecycle BugRex@0.1.5~start: PATH: /usr/local/lib/node_modules/npm/bin/node-gyp-bin:/Users/PerHaraldBorgen/developer/playground/heroku_bugrex/node_modules/.bin:/usr/local/bin:/usr/bin:/bin:/usr/sbin:/sbin:/opt/X11/bin
10 verbose lifecycle BugRex@0.1.5~start: CWD: /Users/PerHaraldBorgen/developer/playground/heroku_bugrex
11 silly lifecycle BugRex@0.1.5~start: Args: [ '-c', 'node app' ]
12 silly lifecycle BugRex@0.1.5~start: Returned: code: 1  signal: null
13 info lifecycle BugRex@0.1.5~start: Failed to exec start script
14 verbose stack Error: BugRex@0.1.5 start: `node app`
14 verbose stack Exit status 1
14 verbose stack     at EventEmitter.<anonymous> (/usr/local/lib/node_modules/npm/lib/utils/lifecycle.js:232:16)
14 verbose stack     at emitTwo (events.js:87:13)
14 verbose stack     at EventEmitter.emit (events.js:172:7)
14 verbose stack     at ChildProcess.<anonymous> (/usr/local/lib/node_modules/npm/lib/utils/spawn.js:24:14)
14 verbose stack     at emitTwo (events.js:87:13)
14 verbose stack     at ChildProcess.emit (events.js:172:7)
14 verbose stack     at maybeClose (internal/child_process.js:818:16)
14 verbose stack     at Process.ChildProcess._handle.onexit (internal/child_process.js:211:5)
15 verbose pkgid BugRex@0.1.5
16 verbose cwd /Users/PerHaraldBorgen/developer/playground/heroku_bugrex
17 error Darwin 14.0.0
18 error argv "/usr/local/bin/node" "/usr/local/bin/npm" "run" "start"
19 error node v4.2.2
20 error npm  v3.6.0
21 error code ELIFECYCLE
22 error BugRex@0.1.5 start: `node app`
22 error Exit status 1
23 error Failed at the BugRex@0.1.5 start script 'node app'.
23 error Make sure you have the latest version of node.js and npm installed.
23 error If you do, this is most likely a problem with the BugRex package,
23 error not with npm itself.
23 error Tell the author that this fails on your system:
23 error     node app
23 error You can get information on how to open an issue for this project with:
23 error     npm bugs BugRex
23 error Or if that isn't available, you can get their info via:
23 error     npm owner ls BugRex
23 error There is likely additional logging output above.
24 verbose exit [ 1, true ]
